#-----------------------------------------------------------
# Vivado v2020.3 (64-bit)
# SW Build 3173277 on Wed Apr  7 05:07:49 MDT 2021
# IP Build 3174024 on Wed Apr  7 23:42:35 MDT 2021
# Start of session at: Tue Jul 26 04:24:26 2022
# Process ID: 9604
# Current directory: C:/Users/guada/OneDrive - UNIVERSIDAD NACIONAL AUTNOMA DE MXICO/Servicio Social/SS_VGA
# Command line: vivado.exe -gui_launcher_event rodinguilauncherevent11352 C:\Users\guada\OneDrive - UNIVERSIDAD NACIONAL AUTNOMA DE MXICO\Servicio Social\SS_VGA\SS_VGA.xpr
# Log file: C:/Users/guada/OneDrive - UNIVERSIDAD NACIONAL AUTNOMA DE MXICO/Servicio Social/SS_VGA/vivado.log
# Journal file: C:/Users/guada/OneDrive - UNIVERSIDAD NACIONAL AUTNOMA DE MXICO/Servicio Social/SS_VGA\vivado.jou
#-----------------------------------------------------------
start_gui
open_project {C:/Users/guada/OneDrive - UNIVERSIDAD NACIONAL AUTNOMA DE MXICO/Servicio Social/SS_VGA/SS_VGA.xpr}
INFO: [ProjectBase 1-489] The host OS only allows 260 characters in a normal path. The project is stored in a path with more than 80 characters. If you experience issues with IP, Block Designs, or files not being found, please consider moving the project to a location with a shorter path. Alternately consider using the OS subst command to map part of the path to a drive letter.
Current project path is 'C:/Users/guada/OneDrive - UNIVERSIDAD NACIONAL AUTNOMA DE MXICO/Servicio Social/SS_VGA'
WARNING: [filemgmt 56-3] Default IP Output Path : Could not find the directory 'C:/Users/guada/OneDrive - UNIVERSIDAD NACIONAL AUTNOMA DE MXICO/Servicio Social/SS_VGA/SS_VGA.gen/sources_1'.
Scanning sources...
Finished scanning sources
INFO: [IP_Flow 19-234] Refreshing IP repositories
INFO: [IP_Flow 19-1704] No user IP repositories specified
INFO: [IP_Flow 19-2313] Loaded Vivado IP repository 'C:/Xilinx/Vivado/2020.3/data/ip'.
open_project: Time (s): cpu = 00:00:23 ; elapsed = 00:00:40 . Memory (MB): peak = 1002.180 ; gain = 0.000
update_compile_order -fileset sources_1
launch_simulation
Command: launch_simulation 
INFO: [Vivado 12-5682] Launching behavioral simulation in 'C:/Users/guada/OneDrive - UNIVERSIDAD NACIONAL AUTNOMA DE MXICO/Servicio Social/SS_VGA/SS_VGA.sim/sim_1/behav/xsim'
INFO: [SIM-utils-51] Simulation object is 'sim_1'
INFO: [SIM-utils-54] Inspecting design source files for 'vga_initials_tb' in fileset 'sim_1'...
INFO: [USF-XSim-97] Finding global include files...
INFO: [USF-XSim-98] Fetching design files from 'sim_1'...
INFO: [USF-XSim-2] XSim::Compile design
INFO: [USF-XSim-61] Executing 'COMPILE and ANALYZE' step in 'C:/Users/guada/OneDrive - UNIVERSIDAD NACIONAL AUTNOMA DE MXICO/Servicio Social/SS_VGA/SS_VGA.sim/sim_1/behav/xsim'
"xvlog --incr --relax -prj vga_initials_tb_vlog.prj"
"xvhdl --incr --relax -prj vga_initials_tb_vhdl.prj"
run_program: Time (s): cpu = 00:00:01 ; elapsed = 00:00:07 . Memory (MB): peak = 1002.180 ; gain = 0.000
INFO: [USF-XSim-69] 'compile' step finished in '7' seconds
INFO: [USF-XSim-3] XSim::Elaborate design
INFO: [USF-XSim-61] Executing 'ELABORATE' step in 'C:/Users/guada/OneDrive - UNIVERSIDAD NACIONAL AUTNOMA DE MXICO/Servicio Social/SS_VGA/SS_VGA.sim/sim_1/behav/xsim'
"xelab -wto a00321755bb64c458020a71217dc2f31 --incr --debug typical --relax --mt 2 -L xil_defaultlib -L unisims_ver -L secureip --snapshot vga_initials_tb_behav xil_defaultlib.vga_initials_tb xil_defaultlib.glbl -log elaborate.log"
Vivado Simulator v2020.3.0
Copyright 1986-1999, 2001-2021 Xilinx, Inc. All Rights Reserved.
Running: C:/Xilinx/Vivado/2020.3/bin/unwrapped/win64.o/xelab.exe -wto a00321755bb64c458020a71217dc2f31 --incr --debug typical --relax --mt 2 -L xil_defaultlib -L unisims_ver -L secureip --snapshot vga_initials_tb_behav xil_defaultlib.vga_initials_tb xil_defaultlib.glbl -log elaborate.log 
Using 2 slave threads.
Starting static elaboration
Pass Through NonSizing Optimizer
ERROR: [VRFC 10-1360] signal cannot be unconstrained [C:/Users/guada/OneDrive - UNIVERSIDAD NACIONAL AUTNOMA DE MXICO/Servicio Social/SS_VGA/SS_VGA.srcs/sim_1/new/vga_initials_tb.vhd:52]
ERROR: [XSIM 43-3322] Static elaboration of top level Verilog design unit(s) in library work failed.
INFO: [USF-XSim-69] 'elaborate' step finished in '4' seconds
INFO: [USF-XSim-99] Step results log file:'C:/Users/guada/OneDrive - UNIVERSIDAD NACIONAL AUTNOMA DE MXICO/Servicio Social/SS_VGA/SS_VGA.sim/sim_1/behav/xsim/elaborate.log'
ERROR: [USF-XSim-62] 'elaborate' step failed with error(s). Please check the Tcl console output or 'C:/Users/guada/OneDrive - UNIVERSIDAD NACIONAL AUTNOMA DE MXICO/Servicio Social/SS_VGA/SS_VGA.sim/sim_1/behav/xsim/elaborate.log' file for more information.
ERROR: [Vivado 12-4473] Detected error while running simulation. Please correct the issue and retry this operation.
launch_simulation: Time (s): cpu = 00:00:03 ; elapsed = 00:00:12 . Memory (MB): peak = 1002.180 ; gain = 0.000
ERROR: [Common 17-39] 'launch_simulation' failed due to earlier errors.
launch_simulation
Command: launch_simulation 
INFO: [Vivado 12-5682] Launching behavioral simulation in 'C:/Users/guada/OneDrive - UNIVERSIDAD NACIONAL AUTNOMA DE MXICO/Servicio Social/SS_VGA/SS_VGA.sim/sim_1/behav/xsim'
INFO: [SIM-utils-51] Simulation object is 'sim_1'
INFO: [SIM-utils-54] Inspecting design source files for 'vga_initials_tb' in fileset 'sim_1'...
INFO: [USF-XSim-97] Finding global include files...
INFO: [USF-XSim-98] Fetching design files from 'sim_1'...
INFO: [USF-XSim-2] XSim::Compile design
INFO: [USF-XSim-61] Executing 'COMPILE and ANALYZE' step in 'C:/Users/guada/OneDrive - UNIVERSIDAD NACIONAL AUTNOMA DE MXICO/Servicio Social/SS_VGA/SS_VGA.sim/sim_1/behav/xsim'
"xvlog --incr --relax -prj vga_initials_tb_vlog.prj"
"xvhdl --incr --relax -prj vga_initials_tb_vhdl.prj"
INFO: [VRFC 10-163] Analyzing VHDL file "C:/Users/guada/OneDrive - UNIVERSIDAD NACIONAL AUTNOMA DE MXICO/Servicio Social/SS_VGA/SS_VGA.srcs/sim_1/new/vga_initials_tb.vhd" into library xil_defaultlib
INFO: [VRFC 10-3107] analyzing entity 'vga_initials_tb'
INFO: [USF-XSim-69] 'compile' step finished in '4' seconds
INFO: [USF-XSim-3] XSim::Elaborate design
INFO: [USF-XSim-61] Executing 'ELABORATE' step in 'C:/Users/guada/OneDrive - UNIVERSIDAD NACIONAL AUTNOMA DE MXICO/Servicio Social/SS_VGA/SS_VGA.sim/sim_1/behav/xsim'
"xelab -wto a00321755bb64c458020a71217dc2f31 --incr --debug typical --relax --mt 2 -L xil_defaultlib -L unisims_ver -L secureip --snapshot vga_initials_tb_behav xil_defaultlib.vga_initials_tb xil_defaultlib.glbl -log elaborate.log"
Vivado Simulator v2020.3.0
Copyright 1986-1999, 2001-2021 Xilinx, Inc. All Rights Reserved.
Running: C:/Xilinx/Vivado/2020.3/bin/unwrapped/win64.o/xelab.exe -wto a00321755bb64c458020a71217dc2f31 --incr --debug typical --relax --mt 2 -L xil_defaultlib -L unisims_ver -L secureip --snapshot vga_initials_tb_behav xil_defaultlib.vga_initials_tb xil_defaultlib.glbl -log elaborate.log 
Using 2 slave threads.
Starting static elaboration
Pass Through NonSizing Optimizer
Completed static elaboration
Starting simulation data flow analysis
Completed simulation data flow analysis
Time Resolution for simulation is 1ps
Compiling package std.standard
Compiling package std.textio
Compiling package ieee.std_logic_1164
Compiling package ieee.std_logic_arith
Compiling package ieee.std_logic_unsigned
Compiling module xil_defaultlib.glbl
Compiling architecture behavioral of entity xil_defaultlib.clkdiv [clkdiv_default]
Compiling architecture behavioral of entity xil_defaultlib.vga_640x480 [vga_640x480_default]
Compiling architecture behavioral of entity xil_defaultlib.vga_initials [vga_initials_default]
Compiling architecture behavioral of entity xil_defaultlib.prom_initials [prom_initials_default]
Compiling architecture behavioral of entity xil_defaultlib.vga_initials_top [vga_initials_top_default]
Compiling architecture behavioral of entity xil_defaultlib.vga_initials_tb
Built simulation snapshot vga_initials_tb_behav
run_program: Time (s): cpu = 00:00:01 ; elapsed = 00:00:11 . Memory (MB): peak = 1002.180 ; gain = 0.000
INFO: [USF-XSim-69] 'elaborate' step finished in '11' seconds
INFO: [USF-XSim-4] XSim::Simulate design
INFO: [USF-XSim-61] Executing 'SIMULATE' step in 'C:/Users/guada/OneDrive - UNIVERSIDAD NACIONAL AUTNOMA DE MXICO/Servicio Social/SS_VGA/SS_VGA.sim/sim_1/behav/xsim'
INFO: [USF-XSim-98] *** Running xsim
   with args "vga_initials_tb_behav -key {Behavioral:sim_1:Functional:vga_initials_tb} -tclbatch {vga_initials_tb.tcl} -log {simulate.log}"
INFO: [USF-XSim-8] Loading simulator feature
Vivado Simulator v2020.3.0
Time resolution is 1 ps
source vga_initials_tb.tcl
# set curr_wave [current_wave_config]
# if { [string length $curr_wave] == 0 } {
#   if { [llength [get_objects]] > 0} {
#     add_wave /
#     set_property needs_save false [current_wave_config]
#   } else {
#      send_msg_id Add_Wave-1 WARNING "No top level signals found. Simulator will start without a wave window. If you want to open a wave window go to 'File->New Waveform Configuration' or type 'create_wave_config' in the TCL console."
#   }
# }
# run 1000ns
xsim: Time (s): cpu = 00:00:12 ; elapsed = 00:00:15 . Memory (MB): peak = 1002.180 ; gain = 0.000
INFO: [USF-XSim-96] XSim completed. Design snapshot 'vga_initials_tb_behav' loaded.
INFO: [USF-XSim-97] XSim simulation ran for 1000ns
launch_simulation: Time (s): cpu = 00:00:15 ; elapsed = 00:00:31 . Memory (MB): peak = 1002.180 ; gain = 0.000
run 50 us
close_sim
INFO: [Simtcl 6-16] Simulation closed
launch_simulation
Command: launch_simulation 
INFO: [Vivado 12-5682] Launching behavioral simulation in 'C:/Users/guada/OneDrive - UNIVERSIDAD NACIONAL AUTNOMA DE MXICO/Servicio Social/SS_VGA/SS_VGA.sim/sim_1/behav/xsim'
INFO: [SIM-utils-51] Simulation object is 'sim_1'
INFO: [SIM-utils-54] Inspecting design source files for 'vga_initials_tb' in fileset 'sim_1'...
INFO: [USF-XSim-97] Finding global include files...
INFO: [USF-XSim-98] Fetching design files from 'sim_1'...
INFO: [USF-XSim-2] XSim::Compile design
INFO: [USF-XSim-61] Executing 'COMPILE and ANALYZE' step in 'C:/Users/guada/OneDrive - UNIVERSIDAD NACIONAL AUTNOMA DE MXICO/Servicio Social/SS_VGA/SS_VGA.sim/sim_1/behav/xsim'
"xvlog --incr --relax -prj vga_initials_tb_vlog.prj"
"xvhdl --incr --relax -prj vga_initials_tb_vhdl.prj"
INFO: [VRFC 10-163] Analyzing VHDL file "C:/Users/guada/OneDrive - UNIVERSIDAD NACIONAL AUTNOMA DE MXICO/Servicio Social/SS_VGA/SS_VGA.srcs/sim_1/new/vga_initials_tb.vhd" into library xil_defaultlib
INFO: [VRFC 10-3107] analyzing entity 'vga_initials_tb'
INFO: [USF-XSim-69] 'compile' step finished in '4' seconds
INFO: [USF-XSim-3] XSim::Elaborate design
INFO: [USF-XSim-61] Executing 'ELABORATE' step in 'C:/Users/guada/OneDrive - UNIVERSIDAD NACIONAL AUTNOMA DE MXICO/Servicio Social/SS_VGA/SS_VGA.sim/sim_1/behav/xsim'
"xelab -wto a00321755bb64c458020a71217dc2f31 --incr --debug typical --relax --mt 2 -L xil_defaultlib -L unisims_ver -L secureip --snapshot vga_initials_tb_behav xil_defaultlib.vga_initials_tb xil_defaultlib.glbl -log elaborate.log"
Vivado Simulator v2020.3.0
Copyright 1986-1999, 2001-2021 Xilinx, Inc. All Rights Reserved.
Running: C:/Xilinx/Vivado/2020.3/bin/unwrapped/win64.o/xelab.exe -wto a00321755bb64c458020a71217dc2f31 --incr --debug typical --relax --mt 2 -L xil_defaultlib -L unisims_ver -L secureip --snapshot vga_initials_tb_behav xil_defaultlib.vga_initials_tb xil_defaultlib.glbl -log elaborate.log 
Using 2 slave threads.
Starting static elaboration
Pass Through NonSizing Optimizer
Completed static elaboration
Starting simulation data flow analysis
Completed simulation data flow analysis
Time Resolution for simulation is 1ps
Compiling package std.standard
Compiling package std.textio
Compiling package ieee.std_logic_1164
Compiling package ieee.std_logic_arith
Compiling package ieee.std_logic_unsigned
Compiling module xil_defaultlib.glbl
Compiling architecture behavioral of entity xil_defaultlib.clkdiv [clkdiv_default]
Compiling architecture behavioral of entity xil_defaultlib.vga_640x480 [vga_640x480_default]
Compiling architecture behavioral of entity xil_defaultlib.vga_initials [vga_initials_default]
Compiling architecture behavioral of entity xil_defaultlib.prom_initials [prom_initials_default]
Compiling architecture behavioral of entity xil_defaultlib.vga_initials_top [vga_initials_top_default]
Compiling architecture behavioral of entity xil_defaultlib.vga_initials_tb
Built simulation snapshot vga_initials_tb_behav
INFO: [USF-XSim-69] 'elaborate' step finished in '3' seconds
INFO: [USF-XSim-4] XSim::Simulate design
INFO: [USF-XSim-61] Executing 'SIMULATE' step in 'C:/Users/guada/OneDrive - UNIVERSIDAD NACIONAL AUTNOMA DE MXICO/Servicio Social/SS_VGA/SS_VGA.sim/sim_1/behav/xsim'
INFO: [USF-XSim-98] *** Running xsim
   with args "vga_initials_tb_behav -key {Behavioral:sim_1:Functional:vga_initials_tb} -tclbatch {vga_initials_tb.tcl} -log {simulate.log}"
INFO: [USF-XSim-8] Loading simulator feature
Vivado Simulator v2020.3.0
Time resolution is 1 ps
source vga_initials_tb.tcl
# set curr_wave [current_wave_config]
# if { [string length $curr_wave] == 0 } {
#   if { [llength [get_objects]] > 0} {
#     add_wave /
#     set_property needs_save false [current_wave_config]
#   } else {
#      send_msg_id Add_Wave-1 WARNING "No top level signals found. Simulator will start without a wave window. If you want to open a wave window go to 'File->New Waveform Configuration' or type 'create_wave_config' in the TCL console."
#   }
# }
# run 1000ns
xsim: Time (s): cpu = 00:00:08 ; elapsed = 00:00:05 . Memory (MB): peak = 1002.180 ; gain = 0.000
INFO: [USF-XSim-96] XSim completed. Design snapshot 'vga_initials_tb_behav' loaded.
INFO: [USF-XSim-97] XSim simulation ran for 1000ns
launch_simulation: Time (s): cpu = 00:00:09 ; elapsed = 00:00:13 . Memory (MB): peak = 1002.180 ; gain = 0.000
close_sim
INFO: [Simtcl 6-16] Simulation closed
launch_simulation
Command: launch_simulation 
INFO: [Vivado 12-5682] Launching behavioral simulation in 'C:/Users/guada/OneDrive - UNIVERSIDAD NACIONAL AUTNOMA DE MXICO/Servicio Social/SS_VGA/SS_VGA.sim/sim_1/behav/xsim'
INFO: [SIM-utils-51] Simulation object is 'sim_1'
INFO: [SIM-utils-54] Inspecting design source files for 'vga_initials_tb' in fileset 'sim_1'...
INFO: [USF-XSim-97] Finding global include files...
INFO: [USF-XSim-98] Fetching design files from 'sim_1'...
INFO: [USF-XSim-2] XSim::Compile design
INFO: [USF-XSim-61] Executing 'COMPILE and ANALYZE' step in 'C:/Users/guada/OneDrive - UNIVERSIDAD NACIONAL AUTNOMA DE MXICO/Servicio Social/SS_VGA/SS_VGA.sim/sim_1/behav/xsim'
"xvlog --incr --relax -prj vga_initials_tb_vlog.prj"
"xvhdl --incr --relax -prj vga_initials_tb_vhdl.prj"
INFO: [VRFC 10-163] Analyzing VHDL file "C:/Users/guada/OneDrive - UNIVERSIDAD NACIONAL AUTNOMA DE MXICO/Servicio Social/SS_VGA/SS_VGA.srcs/sim_1/new/vga_initials_tb.vhd" into library xil_defaultlib
INFO: [VRFC 10-3107] analyzing entity 'vga_initials_tb'
ERROR: [VRFC 10-3353] formal port 'sw' has no actual or default value [C:/Users/guada/OneDrive - UNIVERSIDAD NACIONAL AUTNOMA DE MXICO/Servicio Social/SS_VGA/SS_VGA.srcs/sim_1/new/vga_initials_tb.vhd:59]
ERROR: [VRFC 10-3782] unit 'behavioral' ignored due to previous errors [C:/Users/guada/OneDrive - UNIVERSIDAD NACIONAL AUTNOMA DE MXICO/Servicio Social/SS_VGA/SS_VGA.srcs/sim_1/new/vga_initials_tb.vhd:37]
INFO: [VRFC 10-3070] VHDL file 'C:/Users/guada/OneDrive - UNIVERSIDAD NACIONAL AUTNOMA DE MXICO/Servicio Social/SS_VGA/SS_VGA.srcs/sim_1/new/vga_initials_tb.vhd' ignored due to errors
INFO: [USF-XSim-69] 'compile' step finished in '5' seconds
INFO: [USF-XSim-99] Step results log file:'C:/Users/guada/OneDrive - UNIVERSIDAD NACIONAL AUTNOMA DE MXICO/Servicio Social/SS_VGA/SS_VGA.sim/sim_1/behav/xsim/xvhdl.log'
ERROR: [USF-XSim-62] 'compile' step failed with error(s). Please check the Tcl console output or 'C:/Users/guada/OneDrive - UNIVERSIDAD NACIONAL AUTNOMA DE MXICO/Servicio Social/SS_VGA/SS_VGA.sim/sim_1/behav/xsim/xvhdl.log' file for more information.
ERROR: [Vivado 12-4473] Detected error while running simulation. Please correct the issue and retry this operation.
launch_simulation: Time (s): cpu = 00:00:01 ; elapsed = 00:00:05 . Memory (MB): peak = 1002.180 ; gain = 0.000
ERROR: [Common 17-39] 'launch_simulation' failed due to earlier errors.
launch_simulation
Command: launch_simulation 
INFO: [Vivado 12-5682] Launching behavioral simulation in 'C:/Users/guada/OneDrive - UNIVERSIDAD NACIONAL AUTNOMA DE MXICO/Servicio Social/SS_VGA/SS_VGA.sim/sim_1/behav/xsim'
INFO: [SIM-utils-51] Simulation object is 'sim_1'
INFO: [SIM-utils-54] Inspecting design source files for 'vga_initials_tb' in fileset 'sim_1'...
INFO: [USF-XSim-97] Finding global include files...
INFO: [USF-XSim-98] Fetching design files from 'sim_1'...
INFO: [USF-XSim-2] XSim::Compile design
INFO: [USF-XSim-61] Executing 'COMPILE and ANALYZE' step in 'C:/Users/guada/OneDrive - UNIVERSIDAD NACIONAL AUTNOMA DE MXICO/Servicio Social/SS_VGA/SS_VGA.sim/sim_1/behav/xsim'
"xvlog --incr --relax -prj vga_initials_tb_vlog.prj"
"xvhdl --incr --relax -prj vga_initials_tb_vhdl.prj"
INFO: [VRFC 10-163] Analyzing VHDL file "C:/Users/guada/OneDrive - UNIVERSIDAD NACIONAL AUTNOMA DE MXICO/Servicio Social/SS_VGA/SS_VGA.srcs/sim_1/new/vga_initials_tb.vhd" into library xil_defaultlib
INFO: [VRFC 10-3107] analyzing entity 'vga_initials_tb'
INFO: [USF-XSim-69] 'compile' step finished in '5' seconds
INFO: [USF-XSim-3] XSim::Elaborate design
INFO: [USF-XSim-61] Executing 'ELABORATE' step in 'C:/Users/guada/OneDrive - UNIVERSIDAD NACIONAL AUTNOMA DE MXICO/Servicio Social/SS_VGA/SS_VGA.sim/sim_1/behav/xsim'
"xelab -wto a00321755bb64c458020a71217dc2f31 --incr --debug typical --relax --mt 2 -L xil_defaultlib -L unisims_ver -L secureip --snapshot vga_initials_tb_behav xil_defaultlib.vga_initials_tb xil_defaultlib.glbl -log elaborate.log"
Vivado Simulator v2020.3.0
Copyright 1986-1999, 2001-2021 Xilinx, Inc. All Rights Reserved.
Running: C:/Xilinx/Vivado/2020.3/bin/unwrapped/win64.o/xelab.exe -wto a00321755bb64c458020a71217dc2f31 --incr --debug typical --relax --mt 2 -L xil_defaultlib -L unisims_ver -L secureip --snapshot vga_initials_tb_behav xil_defaultlib.vga_initials_tb xil_defaultlib.glbl -log elaborate.log 
Using 2 slave threads.
Starting static elaboration
Pass Through NonSizing Optimizer
ERROR: [VRFC 10-3353] formal port 'sw' has no actual or default value [C:/Users/guada/OneDrive - UNIVERSIDAD NACIONAL AUTNOMA DE MXICO/Servicio Social/SS_VGA/SS_VGA.srcs/sources_1/imports/vga_initials/vga_initials_top.vhd:35]
ERROR: [XSIM 43-3322] Static elaboration of top level Verilog design unit(s) in library work failed.
INFO: [USF-XSim-69] 'elaborate' step finished in '2' seconds
INFO: [USF-XSim-99] Step results log file:'C:/Users/guada/OneDrive - UNIVERSIDAD NACIONAL AUTNOMA DE MXICO/Servicio Social/SS_VGA/SS_VGA.sim/sim_1/behav/xsim/elaborate.log'
ERROR: [USF-XSim-62] 'elaborate' step failed with error(s). Please check the Tcl console output or 'C:/Users/guada/OneDrive - UNIVERSIDAD NACIONAL AUTNOMA DE MXICO/Servicio Social/SS_VGA/SS_VGA.sim/sim_1/behav/xsim/elaborate.log' file for more information.
ERROR: [Vivado 12-4473] Detected error while running simulation. Please correct the issue and retry this operation.
launch_simulation: Time (s): cpu = 00:00:00 ; elapsed = 00:00:07 . Memory (MB): peak = 1002.180 ; gain = 0.000
ERROR: [Common 17-39] 'launch_simulation' failed due to earlier errors.
launch_simulation
Command: launch_simulation 
INFO: [Vivado 12-5682] Launching behavioral simulation in 'C:/Users/guada/OneDrive - UNIVERSIDAD NACIONAL AUTNOMA DE MXICO/Servicio Social/SS_VGA/SS_VGA.sim/sim_1/behav/xsim'
INFO: [SIM-utils-51] Simulation object is 'sim_1'
INFO: [SIM-utils-54] Inspecting design source files for 'vga_initials_tb' in fileset 'sim_1'...
INFO: [USF-XSim-97] Finding global include files...
INFO: [USF-XSim-98] Fetching design files from 'sim_1'...
INFO: [USF-XSim-2] XSim::Compile design
INFO: [USF-XSim-61] Executing 'COMPILE and ANALYZE' step in 'C:/Users/guada/OneDrive - UNIVERSIDAD NACIONAL AUTNOMA DE MXICO/Servicio Social/SS_VGA/SS_VGA.sim/sim_1/behav/xsim'
"xvlog --incr --relax -prj vga_initials_tb_vlog.prj"
"xvhdl --incr --relax -prj vga_initials_tb_vhdl.prj"
INFO: [VRFC 10-163] Analyzing VHDL file "C:/Users/guada/OneDrive - UNIVERSIDAD NACIONAL AUTNOMA DE MXICO/Servicio Social/SS_VGA/SS_VGA.srcs/sim_1/new/vga_initials_tb.vhd" into library xil_defaultlib
INFO: [VRFC 10-3107] analyzing entity 'vga_initials_tb'
INFO: [USF-XSim-69] 'compile' step finished in '4' seconds
INFO: [USF-XSim-3] XSim::Elaborate design
INFO: [USF-XSim-61] Executing 'ELABORATE' step in 'C:/Users/guada/OneDrive - UNIVERSIDAD NACIONAL AUTNOMA DE MXICO/Servicio Social/SS_VGA/SS_VGA.sim/sim_1/behav/xsim'
"xelab -wto a00321755bb64c458020a71217dc2f31 --incr --debug typical --relax --mt 2 -L xil_defaultlib -L unisims_ver -L secureip --snapshot vga_initials_tb_behav xil_defaultlib.vga_initials_tb xil_defaultlib.glbl -log elaborate.log"
Vivado Simulator v2020.3.0
Copyright 1986-1999, 2001-2021 Xilinx, Inc. All Rights Reserved.
Running: C:/Xilinx/Vivado/2020.3/bin/unwrapped/win64.o/xelab.exe -wto a00321755bb64c458020a71217dc2f31 --incr --debug typical --relax --mt 2 -L xil_defaultlib -L unisims_ver -L secureip --snapshot vga_initials_tb_behav xil_defaultlib.vga_initials_tb xil_defaultlib.glbl -log elaborate.log 
Using 2 slave threads.
Starting static elaboration
Pass Through NonSizing Optimizer
Completed static elaboration
Starting simulation data flow analysis
Completed simulation data flow analysis
Time Resolution for simulation is 1ps
Compiling package std.standard
Compiling package std.textio
Compiling package ieee.std_logic_1164
Compiling package ieee.std_logic_arith
Compiling package ieee.std_logic_unsigned
Compiling module xil_defaultlib.glbl
Compiling architecture behavioral of entity xil_defaultlib.clkdiv [clkdiv_default]
Compiling architecture behavioral of entity xil_defaultlib.vga_640x480 [vga_640x480_default]
Compiling architecture behavioral of entity xil_defaultlib.vga_initials [vga_initials_default]
Compiling architecture behavioral of entity xil_defaultlib.prom_initials [prom_initials_default]
Compiling architecture behavioral of entity xil_defaultlib.vga_initials_top [vga_initials_top_default]
Compiling architecture behavioral of entity xil_defaultlib.vga_initials_tb
Built simulation snapshot vga_initials_tb_behav
INFO: [USF-XSim-69] 'elaborate' step finished in '3' seconds
INFO: [USF-XSim-4] XSim::Simulate design
INFO: [USF-XSim-61] Executing 'SIMULATE' step in 'C:/Users/guada/OneDrive - UNIVERSIDAD NACIONAL AUTNOMA DE MXICO/Servicio Social/SS_VGA/SS_VGA.sim/sim_1/behav/xsim'
INFO: [USF-XSim-98] *** Running xsim
   with args "vga_initials_tb_behav -key {Behavioral:sim_1:Functional:vga_initials_tb} -tclbatch {vga_initials_tb.tcl} -log {simulate.log}"
INFO: [USF-XSim-8] Loading simulator feature
Vivado Simulator v2020.3.0
Time resolution is 1 ps
source vga_initials_tb.tcl
# set curr_wave [current_wave_config]
# if { [string length $curr_wave] == 0 } {
#   if { [llength [get_objects]] > 0} {
#     add_wave /
#     set_property needs_save false [current_wave_config]
#   } else {
#      send_msg_id Add_Wave-1 WARNING "No top level signals found. Simulator will start without a wave window. If you want to open a wave window go to 'File->New Waveform Configuration' or type 'create_wave_config' in the TCL console."
#   }
# }
# run 1000ns
xsim: Time (s): cpu = 00:00:05 ; elapsed = 00:00:11 . Memory (MB): peak = 1002.180 ; gain = 0.000
INFO: [USF-XSim-96] XSim completed. Design snapshot 'vga_initials_tb_behav' loaded.
INFO: [USF-XSim-97] XSim simulation ran for 1000ns
launch_simulation: Time (s): cpu = 00:00:06 ; elapsed = 00:00:19 . Memory (MB): peak = 1002.180 ; gain = 0.000
restart
INFO: [Simtcl 6-17] Simulation restarted
run all
run: Time (s): cpu = 00:01:52 ; elapsed = 00:01:42 . Memory (MB): peak = 1002.180 ; gain = 0.000
close_sim
INFO: [Simtcl 6-16] Simulation closed
exit
INFO: [Common 17-206] Exiting Vivado at Tue Jul 26 06:24:28 2022...
