Vivado Simulator v2020.3.0
Copyright 1986-1999, 2001-2021 Xilinx, Inc. All Rights Reserved.
Running: C:/Xilinx/Vivado/2020.3/bin/unwrapped/win64.o/xelab.exe -wto a00321755bb64c458020a71217dc2f31 --incr --debug typical --relax --mt 2 -L xil_defaultlib -L unisims_ver -L secureip --snapshot vga_initials_tb_behav xil_defaultlib.vga_initials_tb xil_defaultlib.glbl -log elaborate.log 
Using 2 slave threads.
Starting static elaboration
Pass Through NonSizing Optimizer
Completed static elaboration
Starting simulation data flow analysis
Completed simulation data flow analysis
Time Resolution for simulation is 1ps
Compiling package std.standard
Compiling package std.textio
Compiling package ieee.std_logic_1164
Compiling package ieee.std_logic_arith
Compiling package ieee.std_logic_unsigned
Compiling module xil_defaultlib.glbl
Compiling architecture behavioral of entity xil_defaultlib.vga_initials [vga_initials_default]
Compiling architecture behavioral of entity xil_defaultlib.vga_640x480 [vga_640x480_default]
Compiling architecture behavioral of entity xil_defaultlib.clkdiv [clkdiv_default]
Compiling architecture behavioral of entity xil_defaultlib.vga_initials_tb
Built simulation snapshot vga_initials_tb_behav
